e:\算法\ctp_mfc\ctp_mfc\debug\vc120.pdb
e:\算法\ctp_mfc\ctp_mfc\debug\ctp_mfc.pch
e:\算法\ctp_mfc\ctp_mfc\debug\vc120.idb
e:\算法\ctp_mfc\ctp_mfc\debug\stdafx.obj
e:\算法\ctp_mfc\ctp_mfc\debug\ctp_mfc.obj
e:\算法\ctp_mfc\ctp_mfc\debug\ctp_mfcdlg.obj
e:\算法\ctp_mfc\ctp_mfc\debug\mdspi.obj
e:\算法\ctp_mfc\ctp_mfc\debug\tdspi.obj
e:\算法\ctp_mfc\ctp_mfc\debug\kserial.obj
e:\算法\ctp_mfc\debug\ctp_mfc.ilk
e:\算法\ctp_mfc\debug\ctp_mfc.exe
e:\算法\ctp_mfc\debug\ctp_mfc.pdb
e:\算法\ctp_mfc\ctp_mfc\debug\ctp_mfc.res
e:\算法\ctp_mfc\ctp_mfc\debug\ctp_mfc.tlog\cl.command.1.tlog
e:\算法\ctp_mfc\ctp_mfc\debug\ctp_mfc.tlog\cl.read.1.tlog
e:\算法\ctp_mfc\ctp_mfc\debug\ctp_mfc.tlog\cl.write.1.tlog
e:\算法\ctp_mfc\ctp_mfc\debug\ctp_mfc.tlog\link.command.1.tlog
e:\算法\ctp_mfc\ctp_mfc\debug\ctp_mfc.tlog\link.read.1.tlog
e:\算法\ctp_mfc\ctp_mfc\debug\ctp_mfc.tlog\link.write.1.tlog
e:\算法\ctp_mfc\ctp_mfc\debug\ctp_mfc.tlog\rc.command.1.tlog
e:\算法\ctp_mfc\ctp_mfc\debug\ctp_mfc.tlog\rc.read.1.tlog
e:\算法\ctp_mfc\ctp_mfc\debug\ctp_mfc.tlog\rc.write.1.tlog
