生成启动时间为 2018-01-02 19:43:24。
     1>项目“E:\算法\CTP_mfc\CTP_mfc\CTP_mfc.vcxproj”在节点 2 上(Build 个目标)。
     1>ClCompile:
         C:\Program Files (x86)\Microsoft Visual Studio 12.0\VC\bin\CL.exe /c /ZI /nologo /W3 /WX- /sdl /Od /Oy- /D WIN32 /D _WINDOWS /D _DEBUG /D _LIB /D _CRT_SECURE_NO_WARNINGS /D _UNICODE /D UNICODE /D _AFXDLL /Gm /EHsc /RTC1 /MDd /GS /fp:precise /Zc:wchar_t /Zc:forScope /Yu"stdafx.h" /Fp"Debug\CTP_mfc.pch" /Fo"Debug\\" /Fd"Debug\vc120.pdb" /Gd /TP /analyze- /errorReport:prompt CTP_mfc.cpp CTP_mfcDlg.cpp MdSpi.cpp kserial.cpp
         MdSpi.cpp
     1>e:\算法\ctp_mfc\ctp_mfc\kserial.h(52): warning C4091: “typedef ”: 没有声明变量时忽略“mytick”的左侧
     1>e:\算法\ctp_mfc\ctp_mfc\kserial.h(65): warning C4091: “typedef ”: 没有声明变量时忽略“bar”的左侧
     1>e:\算法\ctp_mfc\ctp_mfc\kserial.h(70): warning C4091: “typedef ”: 没有声明变量时忽略“bar_vol”的左侧
     1>e:\算法\ctp_mfc\ctp_mfc\kserial.h(80): warning C4091: “typedef ”: 没有声明变量时忽略“list_p”的左侧
     1>e:\算法\ctp_mfc\ctp_mfc\kserial.h(137): warning C4091: “typedef ”: 没有声明变量时忽略“fjb_adom”的左侧
     1>e:\算法\ctp_mfc\ctp_mfc\mdspi.h(28): warning C4091: “typedef ”: 没有声明变量时忽略“笔”的左侧
     1>e:\算法\ctp_mfc\ctp_mfc\mdspi.h(36): warning C4091: “typedef ”: 没有声明变量时忽略“scp”的左侧
     1>e:\算法\ctp_mfc\ctp_mfc\mdspi.cpp(84): warning C4101: “tmp”: 未引用的局部变量
     1>e:\算法\ctp_mfc\ctp_mfc\mdspi.cpp(153): warning C4244: “=”: 从“TThostFtdcLargeVolumeType”转换到“int”，可能丢失数据
     1>e:\算法\ctp_mfc\ctp_mfc\mdspi.cpp(197): warning C4244: “=”: 从“TThostFtdcLargeVolumeType”转换到“int”，可能丢失数据
     1>e:\算法\ctp_mfc\ctp_mfc\mdspi.cpp(218): warning C4101: “head”: 未引用的局部变量
     1>e:\算法\ctp_mfc\ctp_mfc\mdspi.cpp(256): warning C4244: “=”: 从“double”转换到“int”，可能丢失数据
     1>e:\算法\ctp_mfc\ctp_mfc\mdspi.cpp(257): warning C4244: “=”: 从“double”转换到“int”，可能丢失数据
     1>e:\算法\ctp_mfc\ctp_mfc\mdspi.cpp(258): warning C4244: “=”: 从“double”转换到“int”，可能丢失数据
     1>e:\算法\ctp_mfc\ctp_mfc\mdspi.cpp(259): warning C4244: “=”: 从“double”转换到“int”，可能丢失数据
     1>e:\算法\ctp_mfc\ctp_mfc\mdspi.cpp(303): warning C4244: “=”: 从“double”转换到“int”，可能丢失数据
     1>e:\算法\ctp_mfc\ctp_mfc\mdspi.cpp(304): warning C4244: “=”: 从“double”转换到“int”，可能丢失数据
     1>e:\算法\ctp_mfc\ctp_mfc\mdspi.cpp(305): warning C4244: “=”: 从“double”转换到“int”，可能丢失数据
     1>e:\算法\ctp_mfc\ctp_mfc\mdspi.cpp(306): warning C4244: “=”: 从“double”转换到“int”，可能丢失数据
     1>e:\算法\ctp_mfc\ctp_mfc\mdspi.cpp(307): warning C4244: “=”: 从“double”转换到“int”，可能丢失数据
     1>e:\算法\ctp_mfc\ctp_mfc\mdspi.cpp(308): warning C4244: “=”: 从“double”转换到“int”，可能丢失数据
     1>c:\program files (x86)\microsoft visual studio 12.0\vc\include\vector(1202): warning C4819: 该文件包含不能在当前代码页(0)中表示的字符。请将该文件保存为 Unicode 格式以防止数据丢失
                 c:\program files (x86)\microsoft visual studio 12.0\vc\include\vector(1197): 编译类 模板 成员函数“笔 *&std::vector<笔 *,std::allocator<_Ty>>::operator [](unsigned int)”时
                 with
                 [
                     _Ty=笔 *
                 ]
                 e:\算法\ctp_mfc\ctp_mfc\mdspi.cpp(263): 参见对正在编译的函数 模板 实例化“笔 *&std::vector<笔 *,std::allocator<_Ty>>::operator [](unsigned int)”的引用
                 with
                 [
                     _Ty=笔 *
                 ]
                 e:\算法\ctp_mfc\ctp_mfc\mdspi.h(34): 参见对正在编译的类 模板 实例化“std::vector<笔 *,std::allocator<_Ty>>”的引用
                 with
                 [
                     _Ty=笔 *
                 ]
         CTP_mfcDlg.cpp
     1>e:\算法\ctp_mfc\ctp_mfc\ctp_mfcdlg.cpp(5): warning C4627: “#include "MdSpi.h"”:  在查找预编译头使用时跳过
                 将指令添加到“stdafx.h”或重新生成预编译头
     1>e:\算法\ctp_mfc\ctp_mfc\ctp_mfcdlg.cpp(6): warning C4627: “#include "TdSpi.h"”:  在查找预编译头使用时跳过
                 将指令添加到“stdafx.h”或重新生成预编译头
     1>e:\算法\ctp_mfc\ctp_mfc\ctp_mfcdlg.cpp(8): warning C4627: “#include <direct.h>”:  在查找预编译头使用时跳过
                 将指令添加到“stdafx.h”或重新生成预编译头
     1>e:\算法\ctp_mfc\ctp_mfc\ctp_mfcdlg.cpp(9): warning C4627: “#include "ThostFtdcMdApi.h"”:  在查找预编译头使用时跳过
                 将指令添加到“stdafx.h”或重新生成预编译头
     1>e:\算法\ctp_mfc\ctp_mfc\ctp_mfcdlg.cpp(10): warning C4627: “#include "ThostFtdcTraderApi.h"”:  在查找预编译头使用时跳过
                 将指令添加到“stdafx.h”或重新生成预编译头
     1>e:\算法\ctp_mfc\ctp_mfc\ctp_mfcdlg.cpp(11): warning C4627: “#include <iostream>”:  在查找预编译头使用时跳过
                 将指令添加到“stdafx.h”或重新生成预编译头
     1>e:\算法\ctp_mfc\ctp_mfc\ctp_mfcdlg.cpp(12): warning C4627: “#include <sstream>”:  在查找预编译头使用时跳过
                 将指令添加到“stdafx.h”或重新生成预编译头
     1>e:\算法\ctp_mfc\ctp_mfc\kserial.h(52): warning C4091: “typedef ”: 没有声明变量时忽略“mytick”的左侧
     1>e:\算法\ctp_mfc\ctp_mfc\kserial.h(65): warning C4091: “typedef ”: 没有声明变量时忽略“bar”的左侧
     1>e:\算法\ctp_mfc\ctp_mfc\kserial.h(70): warning C4091: “typedef ”: 没有声明变量时忽略“bar_vol”的左侧
     1>e:\算法\ctp_mfc\ctp_mfc\kserial.h(80): warning C4091: “typedef ”: 没有声明变量时忽略“list_p”的左侧
     1>e:\算法\ctp_mfc\ctp_mfc\kserial.h(137): warning C4091: “typedef ”: 没有声明变量时忽略“fjb_adom”的左侧
     1>e:\算法\ctp_mfc\ctp_mfc\mdspi.h(28): warning C4091: “typedef ”: 没有声明变量时忽略“笔”的左侧
     1>e:\算法\ctp_mfc\ctp_mfc\mdspi.h(36): warning C4091: “typedef ”: 没有声明变量时忽略“scp”的左侧
     1>e:\算法\ctp_mfc\ctp_mfc\ctp_mfcdlg.cpp(300): warning C4101: “h”: 未引用的局部变量
     1>e:\算法\ctp_mfc\ctp_mfc\ctp_mfcdlg.cpp(300): warning C4101: “s”: 未引用的局部变量
     1>e:\算法\ctp_mfc\ctp_mfc\ctp_mfcdlg.cpp(300): warning C4101: “m”: 未引用的局部变量
         正在生成代码...
         正在跳过...(未检测到相关更改)
         kserial.cpp
         CTP_mfc.cpp
       Link:
         C:\Program Files (x86)\Microsoft Visual Studio 12.0\VC\bin\link.exe /ERRORREPORT:PROMPT /OUT:"E:\算法\CTP_mfc\Debug\CTP_mfc.exe" /INCREMENTAL /NOLOGO /MANIFEST /MANIFESTUAC:"level='asInvoker' uiAccess='false'" /manifest:embed /manifestinput:"C:\Program Files (x86)\Microsoft Visual Studio 12.0\VC\Include\Manifest\dpiaware.manifest" /DEBUG /PDB:"E:\算法\CTP_mfc\Debug\CTP_mfc.pdb" /SUBSYSTEM:WINDOWS /TLBID:1 /ENTRY:"wWinMainCRTStartup" /DYNAMICBASE /NXCOMPAT /IMPLIB:"E:\算法\CTP_mfc\Debug\CTP_mfc.lib" /MACHINE:X86 Debug\CTP_mfc.res
         Debug\CTP_mfc.obj
         Debug\CTP_mfcDlg.obj
         Debug\kserial.obj
         Debug\MdSpi.obj
         Debug\stdafx.obj
         Debug\TdSpi.obj
         CTP_mfc.vcxproj -> E:\算法\CTP_mfc\Debug\CTP_mfc.exe
     1>已完成生成项目“E:\算法\CTP_mfc\CTP_mfc\CTP_mfc.vcxproj”(Build 个目标)的操作。

生成成功。

已用时间 00:00:05.62
